<?xml version="1.0" encoding="UTF-8"?>
<coverage generated="1614445840227" clover="3.2.0">
  <project timestamp="1614445840228" name="All files">
    <metrics statements="35" coveredstatements="25" conditionals="8" coveredconditionals="4" methods="12" coveredmethods="6" elements="55" coveredelements="35" complexity="0" loc="35" ncloc="35" packages="2" files="4" classes="4"/>
    <package name="components">
      <metrics statements="29" coveredstatements="22" conditionals="8" coveredconditionals="4" methods="8" coveredmethods="5"/>
      <file name="Card.tsx" path="/home/kriti/2020_Works/next-apollo-demo/client/components/Card.tsx">
        <metrics statements="5" coveredstatements="5" conditionals="0" coveredconditionals="0" methods="1" coveredmethods="1"/>
        <line num="15" count="2" type="stmt"/>
        <line num="16" count="2" type="stmt"/>
        <line num="29" count="2" type="stmt"/>
        <line num="57" count="2" type="stmt"/>
        <line num="64" count="2" type="stmt"/>
      </file>
      <file name="Contacts.tsx" path="/home/kriti/2020_Works/next-apollo-demo/client/components/Contacts.tsx">
        <metrics statements="17" coveredstatements="10" conditionals="8" coveredconditionals="4" methods="5" coveredmethods="2"/>
        <line num="11" count="1" type="stmt"/>
        <line num="12" count="5" type="stmt"/>
        <line num="13" count="5" type="stmt"/>
        <line num="20" count="5" type="stmt"/>
        <line num="21" count="0" type="stmt"/>
        <line num="24" count="5" type="stmt"/>
        <line num="33" count="1" type="stmt"/>
        <line num="40" count="0" type="stmt"/>
        <line num="46" count="0" type="cond" truecount="0" falsecount="2"/>
        <line num="47" count="0" type="stmt"/>
        <line num="49" count="0" type="cond" truecount="0" falsecount="2"/>
        <line num="50" count="0" type="stmt"/>
        <line num="52" count="0" type="stmt"/>
        <line num="66" count="1" type="stmt"/>
        <line num="84" count="1" type="stmt"/>
        <line num="90" count="1" type="stmt"/>
        <line num="98" count="1" type="stmt"/>
      </file>
      <file name="Header.tsx" path="/home/kriti/2020_Works/next-apollo-demo/client/components/Header.tsx">
        <metrics statements="7" coveredstatements="7" conditionals="0" coveredconditionals="0" methods="2" coveredmethods="2"/>
        <line num="5" count="1" type="stmt"/>
        <line num="11" count="1" type="stmt"/>
        <line num="12" count="1" type="stmt"/>
        <line num="20" count="3" type="stmt"/>
        <line num="28" count="1" type="stmt"/>
        <line num="40" count="1" type="stmt"/>
        <line num="44" count="1" type="stmt"/>
      </file>
    </package>
    <package name="generated">
      <metrics statements="6" coveredstatements="3" conditionals="0" coveredconditionals="0" methods="4" coveredmethods="1"/>
      <file name="graphql.tsx" path="/home/kriti/2020_Works/next-apollo-demo/client/generated/graphql.tsx">
        <metrics statements="6" coveredstatements="3" conditionals="0" coveredconditionals="0" methods="4" coveredmethods="1"/>
        <line num="68" count="1" type="stmt"/>
        <line num="97" count="5" type="stmt"/>
        <line num="100" count="0" type="stmt"/>
        <line num="105" count="1" type="stmt"/>
        <line num="127" count="0" type="stmt"/>
        <line num="130" count="0" type="stmt"/>
      </file>
    </package>
  </project>
</coverage>
