{"/home/kriti/2020_Works/next-apollo-demo/client/components/Card.tsx": {"path":"/home/kriti/2020_Works/next-apollo-demo/client/components/Card.tsx","statementMap":{"0":{"start":{"line":15,"column":13},"end":{"line":27,"column":1}},"1":{"start":{"line":16,"column":4},"end":{"line":26,"column":5}},"2":{"start":{"line":29,"column":22},"end":{"line":56,"column":1}},"3":{"start":{"line":57,"column":17},"end":{"line":63,"column":1}},"4":{"start":{"line":64,"column":19},"end":{"line":67,"column":1}}},"fnMap":{"0":{"name":"(anonymous_0)","decl":{"start":{"line":15,"column":13},"end":{"line":15,"column":14}},"loc":{"start":{"line":15,"column":34},"end":{"line":27,"column":1}},"line":15}},"branchMap":{},"s":{"0":2,"1":6,"2":2,"3":2,"4":2},"f":{"0":6},"b":{},"_coverageSchema":"1a1c01bbd47fc00a2c39e90264f33305004495a9","hash":"3323cc54b765bd3a5e62b4b78c0389c572ee00ae"}
,"/home/kriti/2020_Works/next-apollo-demo/client/components/Contacts.tsx": {"path":"/home/kriti/2020_Works/next-apollo-demo/client/components/Contacts.tsx","statementMap":{"0":{"start":{"line":11,"column":17},"end":{"line":64,"column":1}},"1":{"start":{"line":12,"column":34},"end":{"line":12,"column":48}},"2":{"start":{"line":13,"column":48},"end":{"line":18,"column":6}},"3":{"start":{"line":20,"column":24},"end":{"line":22,"column":5}},"4":{"start":{"line":21,"column":8},"end":{"line":21,"column":55}},"5":{"start":{"line":24,"column":4},"end":{"line":63,"column":5}},"6":{"start":{"line":33,"column":40},"end":{"line":33,"column":72}},"7":{"start":{"line":40,"column":36},"end":{"line":57,"column":38}},"8":{"start":{"line":46,"column":44},"end":{"line":48,"column":45}},"9":{"start":{"line":47,"column":48},"end":{"line":47,"column":70}},"10":{"start":{"line":49,"column":44},"end":{"line":51,"column":45}},"11":{"start":{"line":50,"column":48},"end":{"line":50,"column":66}},"12":{"start":{"line":52,"column":44},"end":{"line":55,"column":45}},"13":{"start":{"line":66,"column":26},"end":{"line":83,"column":1}},"14":{"start":{"line":84,"column":24},"end":{"line":89,"column":1}},"15":{"start":{"line":90,"column":23},"end":{"line":97,"column":1}},"16":{"start":{"line":98,"column":21},"end":{"line":106,"column":1}}},"fnMap":{"0":{"name":"(anonymous_0)","decl":{"start":{"line":11,"column":17},"end":{"line":11,"column":18}},"loc":{"start":{"line":11,"column":39},"end":{"line":64,"column":1}},"line":11},"1":{"name":"(anonymous_1)","decl":{"start":{"line":20,"column":24},"end":{"line":20,"column":25}},"loc":{"start":{"line":20,"column":30},"end":{"line":22,"column":5}},"line":20},"2":{"name":"(anonymous_2)","decl":{"start":{"line":32,"column":55},"end":{"line":32,"column":56}},"loc":{"start":{"line":33,"column":40},"end":{"line":33,"column":72}},"line":33},"3":{"name":"(anonymous_3)","decl":{"start":{"line":39,"column":104},"end":{"line":39,"column":105}},"loc":{"start":{"line":39,"column":110},"end":{"line":58,"column":33}},"line":39},"4":{"name":"(anonymous_4)","decl":{"start":{"line":45,"column":53},"end":{"line":45,"column":54}},"loc":{"start":{"line":45,"column":104},"end":{"line":56,"column":41}},"line":45}},"branchMap":{"0":{"loc":{"start":{"line":27,"column":16},"end":{"line":60,"column":27}},"type":"cond-expr","locations":[{"start":{"line":27,"column":26},"end":{"line":27,"column":38}},{"start":{"line":28,"column":20},"end":{"line":60,"column":27}}],"line":27},"1":{"loc":{"start":{"line":28,"column":20},"end":{"line":60,"column":27}},"type":"cond-expr","locations":[{"start":{"line":28,"column":28},"end":{"line":28,"column":89}},{"start":{"line":29,"column":24},"end":{"line":60,"column":27}}],"line":28},"2":{"loc":{"start":{"line":46,"column":44},"end":{"line":48,"column":45}},"type":"if","locations":[{"start":{"line":46,"column":44},"end":{"line":48,"column":45}},{"start":{"line":46,"column":44},"end":{"line":48,"column":45}}],"line":46},"3":{"loc":{"start":{"line":49,"column":44},"end":{"line":51,"column":45}},"type":"if","locations":[{"start":{"line":49,"column":44},"end":{"line":51,"column":45}},{"start":{"line":49,"column":44},"end":{"line":51,"column":45}}],"line":49}},"s":{"0":1,"1":8,"2":8,"3":8,"4":0,"5":8,"6":5,"7":1,"8":1,"9":0,"10":1,"11":0,"12":1,"13":1,"14":1,"15":1,"16":1},"f":{"0":8,"1":0,"2":5,"3":1,"4":1},"b":{"0":[4,4],"1":[1,3],"2":[0,1],"3":[0,1]},"_coverageSchema":"1a1c01bbd47fc00a2c39e90264f33305004495a9","hash":"459390fa5ed883dfd2a7d584f0f5b61c4915ed1f"}
,"/home/kriti/2020_Works/next-apollo-demo/client/components/Header.tsx": {"path":"/home/kriti/2020_Works/next-apollo-demo/client/components/Header.tsx","statementMap":{"0":{"start":{"line":5,"column":14},"end":{"line":9,"column":1}},"1":{"start":{"line":11,"column":15},"end":{"line":26,"column":1}},"2":{"start":{"line":12,"column":4},"end":{"line":25,"column":5}},"3":{"start":{"line":20,"column":24},"end":{"line":20,"column":82}},"4":{"start":{"line":28,"column":24},"end":{"line":39,"column":1}},"5":{"start":{"line":40,"column":20},"end":{"line":44,"column":1}},"6":{"start":{"line":46,"column":20},"end":{"line":66,"column":1}}},"fnMap":{"0":{"name":"(anonymous_0)","decl":{"start":{"line":11,"column":15},"end":{"line":11,"column":16}},"loc":{"start":{"line":11,"column":21},"end":{"line":26,"column":1}},"line":11},"1":{"name":"(anonymous_1)","decl":{"start":{"line":19,"column":30},"end":{"line":19,"column":31}},"loc":{"start":{"line":20,"column":24},"end":{"line":20,"column":82}},"line":20}},"branchMap":{},"s":{"0":1,"1":1,"2":1,"3":3,"4":1,"5":1,"6":1},"f":{"0":1,"1":3},"b":{},"_coverageSchema":"1a1c01bbd47fc00a2c39e90264f33305004495a9","hash":"a686a9bb07498ea76af18029272b56ccdfb13473"}
,"/home/kriti/2020_Works/next-apollo-demo/client/generated/graphql.tsx": {"path":"/home/kriti/2020_Works/next-apollo-demo/client/generated/graphql.tsx","statementMap":{"0":{"start":{"line":68,"column":32},"end":{"line":77,"column":5}},"1":{"start":{"line":97,"column":8},"end":{"line":97,"column":101}},"2":{"start":{"line":100,"column":10},"end":{"line":100,"column":107}},"3":{"start":{"line":105,"column":28},"end":{"line":109,"column":5}},"4":{"start":{"line":127,"column":8},"end":{"line":127,"column":89}},"5":{"start":{"line":130,"column":10},"end":{"line":130,"column":95}}},"fnMap":{"0":{"name":"useContactsQuery","decl":{"start":{"line":96,"column":16},"end":{"line":96,"column":32}},"loc":{"start":{"line":96,"column":110},"end":{"line":98,"column":7}},"line":96},"1":{"name":"useContactsLazyQuery","decl":{"start":{"line":99,"column":16},"end":{"line":99,"column":36}},"loc":{"start":{"line":99,"column":119},"end":{"line":101,"column":9}},"line":99},"2":{"name":"useNameQuery","decl":{"start":{"line":126,"column":16},"end":{"line":126,"column":28}},"loc":{"start":{"line":126,"column":99},"end":{"line":128,"column":7}},"line":126},"3":{"name":"useNameLazyQuery","decl":{"start":{"line":129,"column":16},"end":{"line":129,"column":32}},"loc":{"start":{"line":129,"column":107},"end":{"line":131,"column":9}},"line":129}},"branchMap":{},"s":{"0":1,"1":8,"2":0,"3":1,"4":0,"5":0},"f":{"0":8,"1":0,"2":0,"3":0},"b":{},"_coverageSchema":"1a1c01bbd47fc00a2c39e90264f33305004495a9","hash":"7be686a157d8cf9dee6a77c163a4a22db9b3e0d2"}
}
