TN:
SF:components/Card.tsx
FN:15,(anonymous_0)
FNF:1
FNH:1
FNDA:2,(anonymous_0)
DA:15,2
DA:16,2
DA:29,2
DA:57,2
DA:64,2
LF:5
LH:5
BRF:0
BRH:0
end_of_record
TN:
SF:components/Contacts.tsx
FN:11,(anonymous_0)
FN:20,(anonymous_1)
FN:32,(anonymous_2)
FN:39,(anonymous_3)
FN:45,(anonymous_4)
FNF:5
FNH:2
FNDA:5,(anonymous_0)
FNDA:0,(anonymous_1)
FNDA:1,(anonymous_2)
FNDA:0,(anonymous_3)
FNDA:0,(anonymous_4)
DA:11,1
DA:12,5
DA:13,5
DA:20,5
DA:21,0
DA:24,5
DA:33,1
DA:40,0
DA:46,0
DA:47,0
DA:49,0
DA:50,0
DA:52,0
DA:66,1
DA:84,1
DA:90,1
DA:98,1
LF:17
LH:10
BRDA:27,0,0,3
BRDA:27,0,1,2
BRDA:28,1,0,1
BRDA:28,1,1,1
BRDA:46,2,0,0
BRDA:46,2,1,0
BRDA:49,3,0,0
BRDA:49,3,1,0
BRF:8
BRH:4
end_of_record
TN:
SF:components/Header.tsx
FN:11,(anonymous_0)
FN:19,(anonymous_1)
FNF:2
FNH:2
FNDA:1,(anonymous_0)
FNDA:3,(anonymous_1)
DA:5,1
DA:11,1
DA:12,1
DA:20,3
DA:28,1
DA:40,1
DA:44,1
LF:7
LH:7
BRF:0
BRH:0
end_of_record
TN:
SF:generated/graphql.tsx
FN:96,useContactsQuery
FN:99,useContactsLazyQuery
FN:126,useNameQuery
FN:129,useNameLazyQuery
FNF:4
FNH:1
FNDA:5,useContactsQuery
FNDA:0,useContactsLazyQuery
FNDA:0,useNameQuery
FNDA:0,useNameLazyQuery
DA:68,1
DA:97,5
DA:100,0
DA:105,1
DA:127,0
DA:130,0
LF:6
LH:3
BRF:0
BRH:0
end_of_record
