TN:
SF:components/Card.tsx
FN:15,(anonymous_0)
FNF:1
FNH:1
FNDA:6,(anonymous_0)
DA:15,2
DA:16,6
DA:29,2
DA:57,2
DA:64,2
LF:5
LH:5
BRF:0
BRH:0
end_of_record
TN:
SF:components/Contacts.tsx
FN:11,(anonymous_0)
FN:20,(anonymous_1)
FN:32,(anonymous_2)
FN:39,(anonymous_3)
FN:45,(anonymous_4)
FNF:5
FNH:4
FNDA:8,(anonymous_0)
FNDA:0,(anonymous_1)
FNDA:5,(anonymous_2)
FNDA:1,(anonymous_3)
FNDA:1,(anonymous_4)
DA:11,1
DA:12,8
DA:13,8
DA:20,8
DA:21,0
DA:24,8
DA:33,5
DA:40,1
DA:46,1
DA:47,0
DA:49,1
DA:50,0
DA:52,1
DA:66,1
DA:84,1
DA:90,1
DA:98,1
LF:17
LH:14
BRDA:27,0,0,4
BRDA:27,0,1,4
BRDA:28,1,0,1
BRDA:28,1,1,3
BRDA:46,2,0,0
BRDA:46,2,1,1
BRDA:49,3,0,0
BRDA:49,3,1,1
BRF:8
BRH:6
end_of_record
TN:
SF:components/Header.tsx
FN:11,(anonymous_0)
FN:19,(anonymous_1)
FNF:2
FNH:2
FNDA:1,(anonymous_0)
FNDA:3,(anonymous_1)
DA:5,1
DA:11,1
DA:12,1
DA:20,3
DA:28,1
DA:40,1
DA:46,1
LF:7
LH:7
BRF:0
BRH:0
end_of_record
TN:
SF:generated/graphql.tsx
FN:96,useContactsQuery
FN:99,useContactsLazyQuery
FN:126,useNameQuery
FN:129,useNameLazyQuery
FNF:4
FNH:1
FNDA:8,useContactsQuery
FNDA:0,useContactsLazyQuery
FNDA:0,useNameQuery
FNDA:0,useNameLazyQuery
DA:68,1
DA:97,8
DA:100,0
DA:105,1
DA:127,0
DA:130,0
LF:6
LH:3
BRF:0
BRH:0
end_of_record
